0 info it worked if it ends with ok
1 verbose cli [ 'C:\\Program Files\\nodejs\\node.exe',
1 verbose cli   'C:\\Program Files\\nodejs\\node_modules\\npm\\bin\\npm-cli.js',
1 verbose cli   'publish' ]
2 info using npm@2.14.20
3 info using node@v4.4.0
4 verbose publish [ '.' ]
5 silly cache add args [ '.', null ]
6 verbose cache add spec .
7 silly cache add parsed spec Result {
7 silly cache add   raw: '.',
7 silly cache add   scope: null,
7 silly cache add   name: null,
7 silly cache add   rawSpec: '.',
7 silly cache add   spec: 'F:\\Work\\Den\\Node\\node-struct',
7 silly cache add   type: 'directory' }
8 verbose addLocalDirectory C:\Users\Den\AppData\Roaming\npm-cache\struct\0.0.9\package.tgz not in flight; packing
9 verbose correctMkdir C:\Users\Den\AppData\Roaming\npm-cache correctMkdir not in flight; initializing
10 verbose tar pack [ 'C:\\Users\\Den\\AppData\\Roaming\\npm-cache\\struct\\0.0.9\\package.tgz',
10 verbose tar pack   'F:\\Work\\Den\\Node\\node-struct' ]
11 verbose tarball C:\Users\Den\AppData\Roaming\npm-cache\struct\0.0.9\package.tgz
12 verbose folder F:\Work\Den\Node\node-struct
13 info prepublish struct@0.0.9
14 verbose addLocalTarball adding from inside cache C:\Users\Den\AppData\Roaming\npm-cache\struct\0.0.9\package.tgz
15 verbose correctMkdir C:\Users\Den\AppData\Roaming\npm-cache correctMkdir not in flight; initializing
16 silly cache afterAdd struct@0.0.9
17 verbose afterAdd C:\Users\Den\AppData\Roaming\npm-cache\struct\0.0.9\package\package.json not in flight; writing
18 verbose correctMkdir C:\Users\Den\AppData\Roaming\npm-cache correctMkdir not in flight; initializing
19 verbose afterAdd C:\Users\Den\AppData\Roaming\npm-cache\struct\0.0.9\package\package.json written
20 silly publish { name: 'struct',
20 silly publish   version: '0.0.9',
20 silly publish   description: 'Pack/Unpack multibyte binary values from/to buffers ',
20 silly publish   author: { name: 'Denys Khanzhiyev' },
20 silly publish   main: './index.js',
20 silly publish   maintainers: [ { name: 'Denys Khanzhiyev', email: 'xdenser@gmail.com' } ],
20 silly publish   bugs: { url: 'http://github.com/xdenser/node-struct/issues' },
20 silly publish   licenses: [ { type: 'MIT' } ],
20 silly publish   dependencies: {},
20 silly publish   repositories:
20 silly publish    [ { type: 'git',
20 silly publish        url: 'git+ssh://git@github.com/xdenser/node-struct.git' } ],
20 silly publish   engines: { node: '>0.6.0' },
20 silly publish   readme: 'Struct\r\n======\r\nNodeJS module to work with buffers as structures (or records) of various fields (like c struct declaration, or pascal record).\r\n\r\nInstallation\r\n============\r\n\r\nTo install with [npm](http://github.com/isaacs/npm):\r\n \r\n    npm install struct\r\n    \r\n\r\nExample\r\n=======\r\n\r\nDefine some structure: \r\n\r\n\tvar Struct = require(\'struct\');\r\n \r\n\tvar Person = Struct()\r\n\t\t.chars(\'firstName\',10)\r\n\t\t.chars(\'lastName\',10)\r\n\t\t.array(\'items\',3,\'chars\',10)\r\n\t\t.word16Sle(\'balance\'),\r\n\tPeople = Struct()\r\n\t\t.word8(\'presentCount\')\r\n\t\t.array(\'list\',2,Person);\r\n\t\t\r\nNow allocate buffer for it\r\n\t\r\n\tPeople.allocate();\r\n\tvar buf = People.buffer();\r\n\t\r\nClear buffer to see how it will change later:\r\n\t\r\n\tvar buf = Persons.buffer();\r\n\tfor (var i = 0; i < buf.length ; i++) {\r\n  \t\tbuf[i] = 0;\r\n\t}\r\n\tconsole.log(buf);\r\n\t\r\nOutput:\r\n\t<Buffer 00 00 00 00 00 00 00 00 00 00 00 00 00 00 00 00 00 00 00 00 00 00 00 00 00 00 00 00 00 00 00 00 00 00 00 00 00 00 00 00 00 00 00 00 00 00 00 00 00 00 00 00 00 00 00 00 00 00 00 00 00 00 00 00 00 00 00 00 00 00 00 00 00 00 00 00 00 00 00 00 00 00 00 00 00 00 00 00 00 00 00 00 00 00 00 00 00 00 00 00 00 00 00 00 00>\r\n\t\r\n\t\r\nNow you can access memory as defined binary structure with `fields` property in a handy manner.\t\t\r\n\r\n\tvar proxy = People.fields;\r\n\tproxy.presentCount = 2;\r\n\tconsole.log(buf);\r\n\t\r\nOutput: \r\n\t\r\n\t<Buffer 02 00 00 00 00 00 00 00 00 00 00 00 00 00 00 00 00 00 00 00 00 00 00 00 00 00 00 00 00 00 00 00 00 00 00 00 00 00 00 00 00 00 00 00 00 00 00 00 00 00 00 00 00 00 00 00 00 00 00 00 00 00 00 00 00 00 00 00 00 00 00 00 00 00 00 00 00 00 00 00 00 00 00 00 00 00 00 00 00 00 00 00 00 00 00 00 00 00 00 00 00 00 00 00 00>\r\n\t\r\nAnd so on\r\n\r\n\tproxy.list[0].firstName = \'John\';\r\n\tconsole.log(buf);\r\n\t\r\nOutput:\r\n\t<Buffer 02 4a 6f 68 6e 00 00 00 00 00 00 ...\t\r\n\t     \r\nReference\r\n=========\r\n\r\n##Struct()\r\n\r\ncreates struct object, you may define your data structure with chain calls to following methods:\r\n\r\n###word8(name)\r\ndefines one byte unsigned field, name - always defines name of field\r\n\r\n### word8Sle(name),word8Sbe(name)\r\ndefine one byte signed field\r\n\r\n### word16Sle(name),word16Sbe(name)\r\ndefine 16 bit signed field with little-endian and big-endian byte order\r\n\r\n### word16Ule(name),word16Ube(name)\r\ndefine 16 bit unsigned field with little-endian and big-endian byte order\r\n\r\n### word32Sle(name),word32Sbe(name),word32Ule(name),word32Ube(name),word64Sle(name),word64Sbe(name),word64Ule(name),word64Ube(name)\r\nsame for 32 and 64 bit fields\r\n\r\n### floatle(name),floatbe(name)\r\ndefine one float field\r\n\r\n### doublele(name),doublebe(name)\r\ndefine one double field\r\n\r\n### chars(name,length[,encoding])\r\ndefines array of chars with `encoding` (\'ascii\' by default) encoding, name - name of the field, length - length of array\r\n\r\n### charsnt(name,length[,encoding])\r\nsame as chars but ensure that string is null terminated and buffer remaining space is fill with \\0\r\n\r\n### array(name, length, type, ...)\r\ndefines array of fields (internally it is Struct() object with field names set to 0,1,2,... ).\r\n \r\n- `name` - name of array field;\r\n- `length` - length of array;\r\n- `type` - `string||Struct()`, string is interpreted as name of Struct()  method to call for each array element.\r\n\r\nFor example `array(\'numbers\',5,\'word16Ule\')` will define array of 2 byte unsigned words (x86 byte order) with 5 elements.\r\nAny parameters that follow type will be passed to definition function. \r\nSo `array(\'someName\',3,\'chars\',20)` defines 3 element array of 20 chars.\r\nYou also may pass Struct() object to make array of structures.\r\n\r\n### struct(name, Struct() )   \r\n      \r\ndefines field that itself is a structure.\r\n\r\n## Other methods\r\n\r\n### get(fieldName)\r\nallows access to field (reads value from it\'s offset in buffer)\r\n\r\n### set(fieldName, value)\r\nallows access to field (write value at it\'s offset in buffer)\r\n\r\n### allocate()\r\nallocates buffer for defined structure with proper size. This is used when you need to format data in buffer and send or write it out.\r\n \r\n### _setBuff(buffer)\r\nsets buffer reference of object to other buffer. This may be used to parse or adjust some binary data received or read from somewhere.\r\n\r\n### buffer()\r\nreturns currently used buffer. Before you may read or write to structure you have to call either allocate() or _setBuff(buffer). \r\nThis is not true only for Struct() objects that are fields themselves, as they are allocated automatically by parent Struct object.\r\n\r\n## fields property\r\nStruct().fields is a Proxy object allowing to access structure fields in a handy manner - as any other javascript object.\r\n \r\n\r\n  \r\n',
20 silly publish   readmeFilename: 'README.md',
20 silly publish   gitHead: 'f444c40d95ec8f4ebac6746cff2c398d0e76ecbc',
20 silly publish   repository:
20 silly publish    { type: 'git',
20 silly publish      url: 'git+ssh://git@github.com/xdenser/node-struct.git' },
20 silly publish   homepage: 'https://github.com/xdenser/node-struct#readme',
20 silly publish   _id: 'struct@0.0.9',
20 silly publish   scripts: {},
20 silly publish   _shasum: 'ed25e1585f92db15bdca71b5b793462d39013fdd',
20 silly publish   _from: '.' }
21 verbose getPublishConfig undefined
22 silly mapToRegistry name struct
23 silly mapToRegistry using default registry
24 silly mapToRegistry registry https://registry.npmjs.org/
25 silly mapToRegistry uri https://registry.npmjs.org/struct
26 verbose publish registryBase https://registry.npmjs.org/
27 silly publish uploading C:\Users\Den\AppData\Roaming\npm-cache\struct\0.0.9\package.tgz
28 verbose request uri https://registry.npmjs.org/struct
29 verbose request sending authorization for write operation
30 info attempt registry request try #1 at 13:57:47
31 verbose request using bearer token for auth
32 verbose request id b06a82464e6542eb
33 http request PUT https://registry.npmjs.org/struct
34 http 403 https://registry.npmjs.org/struct
35 verbose headers { 'content-type': 'application/json',
35 verbose headers   'cache-control': 'max-age=300',
35 verbose headers   'content-length': '95',
35 verbose headers   'accept-ranges': 'bytes',
35 verbose headers   date: 'Sun, 13 Mar 2016 12:58:00 GMT',
35 verbose headers   via: '1.1 varnish',
35 verbose headers   connection: 'keep-alive',
35 verbose headers   'x-served-by': 'cache-fra1232-FRA',
35 verbose headers   'x-cache': 'MISS',
35 verbose headers   'x-cache-hits': '0',
35 verbose headers   'x-timer': 'S1457873879.220197,VS0,VE1128' }
36 verbose request invalidating C:\Users\Den\AppData\Roaming\npm-cache\registry.npmjs.org\struct on PUT
37 error publish Failed PUT 403
38 verbose stack Error: "You cannot publish over the previously published version 0.0.9." : struct
38 verbose stack     at makeError (C:\Program Files\nodejs\node_modules\npm\node_modules\npm-registry-client\lib\request.js:264:12)
38 verbose stack     at CachingRegistryClient.<anonymous> (C:\Program Files\nodejs\node_modules\npm\node_modules\npm-registry-client\lib\request.js:252:14)
38 verbose stack     at Request._callback (C:\Program Files\nodejs\node_modules\npm\node_modules\npm-registry-client\lib\request.js:172:14)
38 verbose stack     at Request.self.callback (C:\Program Files\nodejs\node_modules\npm\node_modules\request\request.js:199:22)
38 verbose stack     at emitTwo (events.js:87:13)
38 verbose stack     at Request.emit (events.js:172:7)
38 verbose stack     at Request.<anonymous> (C:\Program Files\nodejs\node_modules\npm\node_modules\request\request.js:1036:10)
38 verbose stack     at emitOne (events.js:82:20)
38 verbose stack     at Request.emit (events.js:169:7)
38 verbose stack     at IncomingMessage.<anonymous> (C:\Program Files\nodejs\node_modules\npm\node_modules\request\request.js:963:12)
39 verbose statusCode 403
40 verbose pkgid struct
41 verbose cwd F:\Work\Den\Node\node-struct
42 error Windows_NT 10.0.10586
43 error argv "C:\\Program Files\\nodejs\\node.exe" "C:\\Program Files\\nodejs\\node_modules\\npm\\bin\\npm-cli.js" "publish"
44 error node v4.4.0
45 error npm  v2.14.20
46 error code E403
47 error "You cannot publish over the previously published version 0.0.9." : struct
48 error If you need help, you may report this error at:
48 error     <https://github.com/npm/npm/issues>
49 verbose exit [ 1, true ]
